handGestureApp/build/outputs/logs/manifest-merger-debug-report.txt
-- Merging decision tree log ---
manifest
ADDED from src/main/AndroidManifest.xml:2:1-72:12
	package
		ADDED from src/main/AndroidManifest.xml:3:5-34
		INJECTED from src/main/AndroidManifest.xml
		INJECTED from src/main/AndroidManifest.xml
	android:versionName
		ADDED from src/main/AndroidManifest.xml:5:5-30
		INJECTED from src/main/AndroidManifest.xml
		INJECTED from src/main/AndroidManifest.xml
	android:versionCode
		ADDED from src/main/AndroidManifest.xml:4:5-28
		INJECTED from src/main/AndroidManifest.xml
		INJECTED from src/main/AndroidManifest.xml
	xmlns:android
		ADDED from src/main/AndroidManifest.xml:2:11-69
uses-sdk
ADDED from src/main/AndroidManifest.xml:7:5-9:41
MERGED from [HandGestureApp:openCVLibrary249:unspecified] AndroidManifest.xml:7:5-9:41
MERGED from [HandGestureApp:aFileChooser:unspecified] AndroidManifest.xml:20:5-22:41
	android:targetSdkVersion
		ADDED from src/main/AndroidManifest.xml:9:9-38
		INJECTED from src/main/AndroidManifest.xml
		INJECTED from src/main/AndroidManifest.xml
	android:minSdkVersion
		ADDED from src/main/AndroidManifest.xml:8:9-34
		INJECTED from src/main/AndroidManifest.xml
		INJECTED from src/main/AndroidManifest.xml
uses-permission#android.permission.CAMERA
ADDED from src/main/AndroidManifest.xml:11:5-65
	android:name
		ADDED from src/main/AndroidManifest.xml:11:22-62
uses-permission#android.permission.WRITE_EXTERNAL_STORAGE
ADDED from src/main/AndroidManifest.xml:12:5-81
	android:name
		ADDED from src/main/AndroidManifest.xml:12:22-78
application
ADDED from src/main/AndroidManifest.xml:15:5-53:19
	android:label
		ADDED from src/main/AndroidManifest.xml:18:9-41
	android:allowBackup
		ADDED from src/main/AndroidManifest.xml:16:9-35
	android:icon
		ADDED from src/main/AndroidManifest.xml:17:9-45
	android:theme
		ADDED from src/main/AndroidManifest.xml:19:9-40
activity#com.example.newdemo.MainActivity
ADDED from src/main/AndroidManifest.xml:20:9-30:20
	android:screenOrientation
		ADDED from src/main/AndroidManifest.xml:23:13-50
	android:label
		ADDED from src/main/AndroidManifest.xml:22:13-45
	android:name
		ADDED from src/main/AndroidManifest.xml:21:13-60
intent-filter#android.intent.action.MAIN+android.intent.category.LAUNCHER
ADDED from src/main/AndroidManifest.xml:25:13-29:29
action#android.intent.action.MAIN
ADDED from src/main/AndroidManifest.xml:26:17-69
	android:name
		ADDED from src/main/AndroidManifest.xml:26:25-66
category#android.intent.category.LAUNCHER
ADDED from src/main/AndroidManifest.xml:28:17-77
	android:name
		ADDED from src/main/AndroidManifest.xml:28:27-74
activity#com.example.newdemo.HomeActivity
ADDED from src/main/AndroidManifest.xml:32:9-35:20
	android:label
		ADDED from src/main/AndroidManifest.xml:33:13-45
	android:name
		ADDED from src/main/AndroidManifest.xml:32:19-47
activity#com.ipaulpro.afilechooser.FileChooserActivity
ADDED from src/main/AndroidManifest.xml:37:9-48:20
	android:enabled
		ADDED from src/main/AndroidManifest.xml:39:13-49
	android:label
		ADDED from src/main/AndroidManifest.xml:42:13-48
	android:exported
		ADDED from src/main/AndroidManifest.xml:40:13-36
	android:icon
		ADDED from src/main/AndroidManifest.xml:41:13-48
	android:name
		ADDED from src/main/AndroidManifest.xml:38:13-73
intent-filter#android.intent.action.GET_CONTENT
ADDED from src/main/AndroidManifest.xml:43:13-47:29
action#android.intent.action.GET_CONTENT
ADDED from src/main/AndroidManifest.xml:44:17-76
	android:name
		ADDED from src/main/AndroidManifest.xml:44:25-73
data
ADDED from src/main/AndroidManifest.xml:46:17-48
	android:mimeType
		ADDED from src/main/AndroidManifest.xml:46:23-45
activity#com.example.newdemo.DisplayAppList
ADDED from src/main/AndroidManifest.xml:49:9-52:20
	android:label
		ADDED from src/main/AndroidManifest.xml:51:13-68
	android:name
		ADDED from src/main/AndroidManifest.xml:50:13-62
supports-screens
ADDED from src/main/AndroidManifest.xml:55:5-60:39
	android:largeScreens
		ADDED from src/main/AndroidManifest.xml:57:9-36
	android:smallScreens
		ADDED from src/main/AndroidManifest.xml:60:9-36
	android:normalScreens
		ADDED from src/main/AndroidManifest.xml:58:9-37
	android:resizeable
		ADDED from src/main/AndroidManifest.xml:59:9-34
	android:anyDensity
		ADDED from src/main/AndroidManifest.xml:56:9-34
uses-feature#android.hardware.camera
ADDED from src/main/AndroidManifest.xml:62:5-64:36
	android:required
		ADDED from src/main/AndroidManifest.xml:64:9-33
	android:name
		ADDED from src/main/AndroidManifest.xml:63:9-47
uses-feature#android.hardware.camera.front
ADDED from src/main/AndroidManifest.xml:65:5-67:36
	android:required
		ADDED from src/main/AndroidManifest.xml:67:9-33
	android:name
		ADDED from src/main/AndroidManifest.xml:66:9-53
uses-feature#android.hardware.camera.autofocus
ADDED from src/main/AndroidManifest.xml:68:5-70:36
	android:required
		ADDED from src/main/AndroidManifest.xml:70:9-33
	android:name
		ADDED from src/main/AndroidManifest.xml:69:9-57